--- Outage Check: 2025-04-17T19:17:50+01:00 ---
Outage: Jamf Pro Outage
Status: 
Link: https://status.jamf.com/incidents/1hxkjgbwqknq

Outage: Jamf Pro Partial Outage
Status: 
Link: https://status.jamf.com/incidents/1p15jtcjnmp8

Outage: On-device Content Controls Experiencing Degraded Performance
Status: 
Link: https://status.jamf.com/incidents/qfqvc62792wh

Outage: Jamf Pro Partial Outage
Status: 
Link: https://status.jamf.com/incidents/y9dtbhp6grpq

Outage: Jamf Account Outage
Status: 
Link: https://status.jamf.com/incidents/qt8vpvrvk07z

Outage: Jamf School: Degraded Performance (EU-Central)
Status: 
Link: https://status.jamf.com/incidents/wz18jk75yy6g

Outage: Jamf Pro Partial Outage
Status: 
Link: https://status.jamf.com/incidents/lgrv24sxhx4g

Outage: Jamf Account Login Issues
Status: 
Link: https://status.jamf.com/incidents/v9cyc6hbmr9q

-----------------------------------------

